<?xml version="1.0" encoding="UTF-8"?>
<!-- Generated by org.testng.reporters.JUnitReportReporter -->
<testsuite hostname="G1-5CD6329QN3-L" failures="0" tests="1" name="com.cucumberFramework.testRunner.TestRunner" time="24.210" errors="0" timestamp="13 Mar 2019 07:48:48 GMT">
  <testcase classname="com.cucumberFramework.testRunner.TestRunner" name="feature" time="24.210"/>
</testsuite> <!-- com.cucumberFramework.testRunner.TestRunner -->
